Batch run started: Fri, Nov 14, 2025  1:52:55 AM
Matchup: Pacman='thanh_agent' vs Ghost='thanh_agent'
Total runs: 20
----------------------------------------

Game 1: ghost_wins
Game 2: ghost_wins
Game 3: ghost_wins
Game 4: ghost_wins
Game 5: ghost_wins
Game 6: ghost_wins
Game 7: ghost_wins
Game 8: ghost_wins
Game 9: ghost_wins
Game 10: ghost_wins
Game 11: ghost_wins
Game 12: ghost_wins
Game 13: ghost_wins
Game 14: ghost_wins
Game 15: ghost_wins
Game 16: ghost_wins
Game 17: ghost_wins
Game 18: ghost_wins
Game 19: ghost_wins
Game 20: ghost_wins

----------------------------------------
FINAL STATISTICS:
Total games    : 20
Pacman wins    : 0 (0.0%)
Ghost wins     : 20 (100.0%)
Draws          : 0 (0.0%)
Errors         : 0
Batch run finished: Fri, Nov 14, 2025  1:53:03 AM
