Batch run started: Fri, Nov 14, 2025  1:42:56 AM
Matchup: Pacman='thanh_agent' vs Ghost='example_student'
Total runs: 20
----------------------------------------

Game 1: pacman_wins
Game 2: pacman_wins
Game 3: pacman_wins
Game 4: pacman_wins
Game 5: pacman_wins
Game 6: pacman_wins
Game 7: pacman_wins
Game 8: pacman_wins
Game 9: pacman_wins
Game 10: pacman_wins
Game 11: pacman_wins
Game 12: pacman_wins
Game 13: pacman_wins
Game 14: pacman_wins
Game 15: pacman_wins
Game 16: pacman_wins
Game 17: pacman_wins
Game 18: pacman_wins
Game 19: pacman_wins
Game 20: pacman_wins

----------------------------------------
FINAL STATISTICS:
Total games    : 20
Pacman wins    : 20 (100.0%)
Ghost wins     : 0 (0.0%)
Draws          : 0 (0.0%)
Errors         : 0
Batch run finished: Fri, Nov 14, 2025  1:43:02 AM
